  Game.cpp
d:\digipen\other stuff\opengl\openglengine\openglengine\game.cpp(55): warning C4244: '=': conversion from 'double' to 'float', possible loss of data
d:\digipen\other stuff\opengl\openglengine\openglengine\game.cpp(56): warning C4244: '=': conversion from 'double' to 'float', possible loss of data
d:\digipen\other stuff\opengl\openglengine\openglengine\game.cpp(60): warning C4244: 'initializing': conversion from 'double' to 'float', possible loss of data
d:\digipen\other stuff\opengl\openglengine\openglengine\game.cpp(61): warning C4244: 'initializing': conversion from 'double' to 'float', possible loss of data
d:\digipen\other stuff\opengl\openglengine\openglengine\game.cpp(63): warning C4244: '=': conversion from 'double' to 'float', possible loss of data
d:\digipen\other stuff\opengl\openglengine\openglengine\game.cpp(64): warning C4244: '=': conversion from 'double' to 'float', possible loss of data
d:\digipen\other stuff\opengl\openglengine\openglengine\game.cpp(148): warning C4305: 'argument': truncation from 'double' to 'GLclampf'
  Camera.cpp
d:\digipen\other stuff\opengl\openglengine\openglengine\managers\camera.cpp(19): warning C4305: '=': truncation from 'double' to 'float'
  ImguiManager.cpp
  InputManager.cpp
  Renderer.cpp
  ShapeGenerator.cpp
  Main.cpp
  Generating Code...
  LINK : D:\DIGIPEN\Other stuff\OpenGL\OpenGLEngine\Debug\OpenGLEngine.exe not found or not built by the last incremental link; performing full link
LINK : warning LNK4098: defaultlib 'MSVCRT' conflicts with use of other libs; use /NODEFAULTLIB:library
  OpenGLEngine.vcxproj -> D:\DIGIPEN\Other stuff\OpenGL\OpenGLEngine\Debug\OpenGLEngine.exe
  Shaders\Default.fs
  Shaders\Default.vs
  Shaders\Light.fs
  Shaders\Light.vs
  4 File(s) copied
